Aug 02 2019 13:46:07 >>  Initializing Program. No error yet.   <<
Aug 02 2019 13:46:08 Failed to create connection to Database.
Aug 02 2019 13:46:08 Error 711. Failed to connect to DataBase:cigorn
Aug 02 2019 13:46:08 WEBserver failed to open port 0
Aug 02 2019 13:46:09 WEBserver failed to open port 0
Aug 02 2019 13:46:10 WEBserver failed to open port 0
Aug 02 2019 13:46:11 WEBserver failed to open port 0
Aug 02 2019 13:46:12 WEBserver failed to open port 0
Aug 02 2019 13:46:13 WEBserver failed to open port 0
Aug 02 2019 13:46:14 WEBserver failed to open port 0
Aug 02 2019 13:46:15 WEBserver failed to open port 0
Aug 02 2019 13:46:16 WEBserver failed to open port 0
Aug 02 2019 13:46:17 WEBserver failed to open port 0
Aug 02 2019 13:46:18 WEBserver failed to open port 0
Aug 02 2019 13:46:19 WEBserver failed to open port 0
Aug 02 2019 13:46:20 WEBserver failed to open port 0
Aug 02 2019 13:46:21 WEBserver failed to open port 0
Aug 02 2019 13:46:22 WEBserver failed to open port 0
Aug 02 2019 13:46:23 WEBserver failed to open port 0
Aug 02 2019 13:46:24 WEBserver failed to open port 0
Aug 02 2019 13:46:25 WEBserver failed to open port 0
Aug 02 2019 13:46:26 WEBserver failed to open port 0
Aug 02 2019 13:46:27 WEBserver failed to open port 0
Aug 02 2019 13:46:28 WEBserver failed to open port 0
Aug 02 2019 13:46:29 WEBserver failed to open port 0
Aug 02 2019 13:46:30 WEBserver failed to open port 0
Aug 02 2019 13:46:31 WEBserver failed to open port 0
Aug 02 2019 13:46:32 WEBserver failed to open port 0
Aug 02 2019 13:46:33 WEBserver failed to open port 0
Aug 02 2019 13:46:34 WEBserver failed to open port 0
Aug 02 2019 13:46:35 WEBserver failed to open port 0
Aug 02 2019 13:46:36 WEBserver failed to open port 0
Aug 02 2019 13:46:37 WEBserver failed to open port 0
Aug 02 2019 13:46:38 WEBserver failed to open port 0
Aug 02 2019 13:46:39 WEBserver failed to open port 0
Aug 02 2019 13:46:40 WEBserver failed to open port 0
Aug 02 2019 13:46:41 WEBserver failed to open port 0
Aug 02 2019 13:46:42 WEBserver failed to open port 0
Aug 02 2019 13:46:43 WEBserver failed to open port 0
Aug 02 2019 13:46:44 WEBserver failed to open port 0
Aug 02 2019 13:46:45 WEBserver failed to open port 0
Aug 02 2019 13:46:46 WEBserver failed to open port 0
Aug 02 2019 13:46:47 WEBserver failed to open port 0
Aug 02 2019 13:46:48 WEBserver failed to open port 0
Aug 02 2019 13:46:49 WEBserver failed to open port 0
Aug 02 2019 13:46:50 WEBserver failed to open port 0
Aug 02 2019 13:46:51 WEBserver failed to open port 0
Aug 02 2019 13:46:52 WEBserver failed to open port 0
Aug 02 2019 13:46:53 WEBserver failed to open port 0
Aug 02 2019 13:46:54 WEBserver failed to open port 0
Aug 02 2019 13:46:55 WEBserver failed to open port 0
Aug 02 2019 13:46:56 WEBserver failed to open port 0
Aug 02 2019 13:46:57 WEBserver failed to open port 0
Aug 02 2019 13:46:58 WEBserver failed to open port 0
Aug 02 2019 13:46:59 WEBserver failed to open port 0
Aug 02 2019 13:47:00 WEBserver failed to open port 0
Aug 02 2019 13:47:01 WEBserver failed to open port 0
Aug 02 2019 13:47:02 WEBserver failed to open port 0
Aug 02 2019 13:47:03 WEBserver failed to open port 0
Aug 02 2019 13:47:04 WEBserver failed to open port 0
Aug 02 2019 13:47:05 WEBserver failed to open port 0
Aug 02 2019 13:47:06 WEBserver failed to open port 0
Aug 02 2019 13:47:07 WEBserver failed to open port 0
Aug 02 2019 13:47:08 WEBserver failed to open port 0
Aug 02 2019 13:47:09 WEBserver failed to open port 0
Aug 02 2019 13:47:10 WEBserver failed to open port 0
Aug 02 2019 13:47:11 WEBserver failed to open port 0
Aug 02 2019 13:47:12 WEBserver failed to open port 0
Aug 02 2019 13:47:13 WEBserver failed to open port 0
Aug 02 2019 13:49:36 >>  Initializing Program. No error yet.   <<
Aug 02 2019 13:49:37 Error 489. Failed to Load table: pagers
Aug 02 2019 13:49:37 Error 393. Invalid eth interface for device designator:TESTCOMP
Aug 02 2019 13:49:37 Error 393. Invalid eth interface for device designator:TESTCOMP2
Aug 02 2019 13:53:17 >>  Initializing Program. No error yet.   <<
Aug 02 2019 13:53:18 Error 489. Failed to Load table: pagers
Aug 02 2019 13:53:18 Error 393. Invalid eth interface for device designator:TESTCOMP
Aug 02 2019 13:53:18 Error 393. Invalid eth interface for device designator:TESTCOMP2
Aug 02 2019 14:37:26 >>  Initializing Program. No error yet.   <<
Aug 02 2019 14:37:27 Error 489. Failed to Load table: pagers
Aug 02 2019 14:37:27 Error 393. Invalid eth interface for device designator:TESTCOMP
Aug 02 2019 14:37:27 Error 393. Invalid eth interface for device designator:TESTCOMP2
Aug 02 2019 14:38:16 >>  Initializing Program. No error yet.   <<
Aug 02 2019 14:38:16 Error 489. Failed to Load table: pagers
Aug 02 2019 14:38:16 Error 393. Invalid eth interface for device designator:TESTCOMP
Aug 02 2019 14:38:16 Error 393. Invalid eth interface for device designator:TESTCOMP2
Aug 02 2019 14:51:36 >>  Initializing Program. No error yet.   <<
Aug 02 2019 14:51:36 Error 489. Failed to Load table: pagers
Aug 02 2019 14:51:36 Error 393. Invalid eth interface for device designator:TESTCOMP
Aug 02 2019 14:51:36 Error 393. Invalid eth interface for device designator:TESTCOMP2
Aug 02 2019 14:52:05 >>  Initializing Program. No error yet.   <<
Aug 02 2019 14:52:05 Error 489. Failed to Load table: pagers
Aug 02 2019 15:00:19 >>  Initializing Program. No error yet.   <<
Aug 02 2019 15:00:20 Error 489. Failed to Load table: pagers
Aug 02 2019 15:04:32 >>  Initializing Program. No error yet.   <<
Aug 02 2019 15:04:32 Error 489. Failed to Load table: pagers
Aug 02 2019 15:05:41 >>  Initializing Program. No error yet.   <<
Aug 02 2019 15:05:42 Error 489. Failed to Load table: pagers
Aug 02 2019 15:06:40 >>  Initializing Program. No error yet.   <<
Aug 02 2019 15:06:41 Error 489. Failed to Load table: pagers
Aug 02 2019 15:08:41 >>  Initializing Program. No error yet.   <<
Aug 02 2019 15:08:41 Error 489. Failed to Load table: pagers
Aug 02 2019 15:11:13 >>  Initializing Program. No error yet.   <<
Aug 02 2019 15:11:14 Error 489. Failed to Load table: pagers
Aug 02 2019 15:13:55 >>  Initializing Program. No error yet.   <<
Aug 02 2019 15:13:56 Error 489. Failed to Load table: pagers
Aug 02 2019 15:36:21 >>  Initializing Program. No error yet.   <<
Aug 02 2019 15:36:22 Error 489. Failed to Load table: pagers
Aug 02 2019 15:39:57 >>  Initializing Program. No error yet.   <<
Aug 02 2019 15:39:57 Error 489. Failed to Load table: pagers
Aug 02 2019 15:42:40 >>  Initializing Program. No error yet.   <<
Aug 02 2019 15:42:41 Error 489. Failed to Load table: pagers
Aug 02 2019 15:46:11 >>  Initializing Program. No error yet.   <<
Aug 02 2019 15:46:12 Error 489. Failed to Load table: pagers
Aug 02 2019 15:48:56 >>  Initializing Program. No error yet.   <<
Aug 02 2019 15:48:57 Error 489. Failed to Load table: pagers
Aug 02 2019 15:50:18 >>  Initializing Program. No error yet.   <<
Aug 02 2019 15:50:19 Error 489. Failed to Load table: pagers
Aug 02 2019 15:50:37 >>  Initializing Program. No error yet.   <<
Aug 02 2019 15:50:37 Error 489. Failed to Load table: pagers
Aug 02 2019 15:50:56 >>  Initializing Program. No error yet.   <<
Aug 02 2019 15:50:56 Error 489. Failed to Load table: pagers
Aug 02 2019 16:05:47 >>  Initializing Program. No error yet.   <<
Aug 02 2019 16:05:47 Error 489. Failed to Load table: pagers
Aug 02 2019 16:08:02 >>  Initializing Program. No error yet.   <<
Aug 02 2019 16:08:02 Error 489. Failed to Load table: pagers
Aug 02 2019 16:10:19 >>  Initializing Program. No error yet.   <<
Aug 02 2019 16:10:20 Error 489. Failed to Load table: pagers
Aug 02 2019 16:10:47 >>  Initializing Program. No error yet.   <<
Aug 02 2019 16:10:48 Error 489. Failed to Load table: pagers
Aug 02 2019 16:11:34 >>  Initializing Program. No error yet.   <<
Aug 02 2019 16:11:34 Error 489. Failed to Load table: pagers
Aug 02 2019 16:12:59 >>  Initializing Program. No error yet.   <<
Aug 02 2019 16:12:59 Error 489. Failed to Load table: pagers
Aug 02 2019 16:13:52 >>  Initializing Program. No error yet.   <<
Aug 02 2019 16:13:52 Error 489. Failed to Load table: pagers
Aug 02 2019 16:14:48 >>  Initializing Program. No error yet.   <<
Aug 02 2019 16:14:49 Error 489. Failed to Load table: pagers
Aug 02 2019 16:15:49 >>  Initializing Program. No error yet.   <<
Aug 02 2019 16:15:49 Error 489. Failed to Load table: pagers
Aug 02 2019 16:18:50 >>  Initializing Program. No error yet.   <<
Aug 02 2019 16:18:50 Error 489. Failed to Load table: pagers
Aug 02 2019 16:23:02 >>  Initializing Program. No error yet.   <<
Aug 02 2019 16:23:02 Error 489. Failed to Load table: pagers
Aug 02 2019 16:23:38 >>  Initializing Program. No error yet.   <<
Aug 02 2019 16:23:39 Error 489. Failed to Load table: pagers
Aug 02 2019 16:31:59 >>  Initializing Program. No error yet.   <<
Aug 02 2019 16:31:59 Error 489. Failed to Load table: pagers
